# JRE version: Java(TM) SE Runtime Environment (8.0-b132) (build 1.8.0-b132)
# Java VM: Java HotSpot(TM) 64-Bit Server VM (25.0-b70 mixed mode windows-amd64 compressed oops)
Heap:
 PSYoungGen      total 29696K, used 13344K [0x0000000780500000, 0x0000000782480000, 0x00000007c0000000)
  eden space 27136K, 39% used [0x0000000780500000,0x0000000780f88e90,0x0000000781f80000)
  from space 2560K, 99% used [0x0000000781f80000,0x00000007821ff490,0x0000000782200000)
  to   space 2560K, 0% used [0x0000000782200000,0x0000000782200000,0x0000000782480000)
 ParOldGen       total 195072K, used 7108K [0x0000000700e00000, 0x000000070cc80000, 0x0000000780500000)
  object space 195072K, 3% used [0x0000000700e00000,0x00000007014f1150,0x000000070cc80000)
 Metaspace       used 17032K, capacity 17450K, committed 17664K, reserved 1064960K
  class space    used 2149K, capacity 2254K, committed 2304K, reserved 1048576K
GC Heap History (10 events):
Event: 0.917 GC heap before
{Heap before GC invocations=13 (full 0):
 PSYoungGen      total 11776K, used 11726K [0x0000000780500000, 0x0000000781180000, 0x00000007c0000000)
  eden space 10752K, 100% used [0x0000000780500000,0x0000000780f80000,0x0000000780f80000)
  from space 1024K, 95% used [0x0000000781080000,0x0000000781173a80,0x0000000781180000)
  to   space 1024K, 0% used [0x0000000780f80000,0x0000000780f80000,0x0000000781080000)
 ParOldGen       total 195072K, used 1951K [0x0000000700e00000, 0x000000070cc80000, 0x0000000780500000)
  object space 195072K, 1% used [0x0000000700e00000,0x0000000700fe7cd8,0x000000070cc80000)
 Metaspace       used 8658K, capacity 8814K, committed 8960K, reserved 1056768K
  class space    used 1125K, capacity 1186K, committed 1280K, reserved 1048576K
Event: 0.918 GC heap after
Heap after GC invocations=13 (full 0):
 PSYoungGen      total 11776K, used 1022K [0x0000000780500000, 0x0000000781900000, 0x00000007c0000000)
  eden space 10752K, 0% used [0x0000000780500000,0x0000000780500000,0x0000000780f80000)
  from space 1024K, 99% used [0x0000000780f80000,0x000000078107fae0,0x0000000781080000)
  to   space 1536K, 0% used [0x0000000781780000,0x0000000781780000,0x0000000781900000)
 ParOldGen       total 195072K, used 3095K [0x0000000700e00000, 0x000000070cc80000, 0x0000000780500000)
  object space 195072K, 1% used [0x0000000700e00000,0x0000000701105da0,0x000000070cc80000)
 Metaspace       used 8658K, capacity 8814K, committed 8960K, reserved 1056768K
  class space    used 1125K, capacity 1186K, committed 1280K, reserved 1048576K
}
Event: 1.056 GC heap before
{Heap before GC invocations=14 (full 0):
 PSYoungGen      total 11776K, used 11774K [0x0000000780500000, 0x0000000781900000, 0x00000007c0000000)
  eden space 10752K, 100% used [0x0000000780500000,0x0000000780f80000,0x0000000780f80000)
  from space 1024K, 99% used [0x0000000780f80000,0x000000078107fae0,0x0000000781080000)
  to   space 1536K, 0% used [0x0000000781780000,0x0000000781780000,0x0000000781900000)
 ParOldGen       total 195072K, used 3095K [0x0000000700e00000, 0x000000070cc80000, 0x0000000780500000)
  object space 195072K, 1% used [0x0000000700e00000,0x0000000701105da0,0x000000070cc80000)
 Metaspace       used 9621K, capacity 9774K, committed 10112K, reserved 1058816K
  class space    used 1247K, capacity 1314K, committed 1408K, reserved 1048576K
Event: 1.058 GC heap after
Heap after GC invocations=14 (full 0):
 PSYoungGen      total 18432K, used 1444K [0x0000000780500000, 0x0000000781a00000, 0x00000007c0000000)
  eden space 16896K, 0% used [0x0000000780500000,0x0000000780500000,0x0000000781580000)
  from space 1536K, 94% used [0x0000000781780000,0x00000007818e9058,0x0000000781900000)
  to   space 2048K, 0% used [0x0000000781580000,0x0000000781580000,0x0000000781780000)
 ParOldGen       total 195072K, used 3604K [0x0000000700e00000, 0x000000070cc80000, 0x0000000780500000)
  object space 195072K, 1% used [0x0000000700e00000,0x00000007011851b0,0x000000070cc80000)
 Metaspace       used 9621K, capacity 9774K, committed 10112K, reserved 1058816K
  class space    used 1247K, capacity 1314K, committed 1408K, reserved 1048576K
}
Event: 1.457 GC heap before
{Heap before GC invocations=15 (full 0):
 PSYoungGen      total 18432K, used 18340K [0x0000000780500000, 0x0000000781a00000, 0x00000007c0000000)
  eden space 16896K, 100% used [0x0000000780500000,0x0000000781580000,0x0000000781580000)
  from space 1536K, 94% used [0x0000000781780000,0x00000007818e9058,0x0000000781900000)
  to   space 2048K, 0% used [0x0000000781580000,0x0000000781580000,0x0000000781780000)
 ParOldGen       total 195072K, used 3604K [0x0000000700e00000, 0x000000070cc80000, 0x0000000780500000)
  object space 195072K, 1% used [0x0000000700e00000,0x00000007011851b0,0x000000070cc80000)
 Metaspace       used 11947K, capacity 12202K, committed 12416K, reserved 1060864K
  class space    used 1489K, capacity 1548K, committed 1664K, reserved 1048576K
Event: 1.460 GC heap after
Heap after GC invocations=15 (full 0):
 PSYoungGen      total 18944K, used 2039K [0x0000000780500000, 0x0000000782480000, 0x00000007c0000000)
  eden space 16896K, 0% used [0x0000000780500000,0x0000000780500000,0x0000000781580000)
  from space 2048K, 99% used [0x0000000781580000,0x000000078177dfe8,0x0000000781780000)
  to   space 2560K, 0% used [0x0000000782200000,0x0000000782200000,0x0000000782480000)
 ParOldGen       total 195072K, used 4938K [0x0000000700e00000, 0x000000070cc80000, 0x0000000780500000)
  object space 195072K, 2% used [0x0000000700e00000,0x00000007012d2910,0x000000070cc80000)
 Metaspace       used 11947K, capacity 12202K, committed 12416K, reserved 1060864K
  class space    used 1489K, capacity 1548K, committed 1664K, reserved 1048576K
}
Event: 1.894 GC heap before
{Heap before GC invocations=16 (full 0):
 PSYoungGen      total 18944K, used 18935K [0x0000000780500000, 0x0000000782480000, 0x00000007c0000000)
  eden space 16896K, 100% used [0x0000000780500000,0x0000000781580000,0x0000000781580000)
  from space 2048K, 99% used [0x0000000781580000,0x000000078177dfe8,0x0000000781780000)
  to   space 2560K, 0% used [0x0000000782200000,0x0000000782200000,0x0000000782480000)
 ParOldGen       total 195072K, used 4938K [0x0000000700e00000, 0x000000070cc80000, 0x0000000780500000)
  object space 195072K, 2% used [0x0000000700e00000,0x00000007012d2910,0x000000070cc80000)
 Metaspace       used 12529K, capacity 12750K, committed 12928K, reserved 1060864K
  class space    used 1571K, capacity 1622K, committed 1664K, reserved 1048576K
Event: 1.898 GC heap after
Heap after GC invocations=16 (full 0):
 PSYoungGen      total 29696K, used 1569K [0x0000000780500000, 0x0000000782480000, 0x00000007c0000000)
  eden space 27136K, 0% used [0x0000000780500000,0x0000000780500000,0x0000000781f80000)
  from space 2560K, 61% used [0x0000000782200000,0x0000000782388428,0x0000000782480000)
  to   space 2560K, 0% used [0x0000000781f80000,0x0000000781f80000,0x0000000782200000)
 ParOldGen       total 195072K, used 6284K [0x0000000700e00000, 0x000000070cc80000, 0x0000000780500000)
  object space 195072K, 3% used [0x0000000700e00000,0x0000000701423150,0x000000070cc80000)
 Metaspace       used 12529K, capacity 12750K, committed 12928K, reserved 1060864K
  class space    used 1571K, capacity 1622K, committed 1664K, reserved 1048576K
}
Event: 2.465 GC heap before
{Heap before GC invocations=17 (full 0):
 PSYoungGen      total 29696K, used 28705K [0x0000000780500000, 0x0000000782480000, 0x00000007c0000000)
  eden space 27136K, 100% used [0x0000000780500000,0x0000000781f80000,0x0000000781f80000)
  from space 2560K, 61% used [0x0000000782200000,0x0000000782388428,0x0000000782480000)
  to   space 2560K, 0% used [0x0000000781f80000,0x0000000781f80000,0x0000000782200000)
 ParOldGen       total 195072K, used 6284K [0x0000000700e00000, 0x000000070cc80000, 0x0000000780500000)
  object space 195072K, 3% used [0x0000000700e00000,0x0000000701423150,0x000000070cc80000)
 Metaspace       used 16817K, capacity 17226K, committed 17408K, reserved 1064960K
  class space    used 2131K, capacity 2222K, committed 2304K, reserved 1048576K
Event: 2.483 GC heap after
Heap after GC invocations=17 (full 0):
 PSYoungGen      total 29696K, used 2557K [0x0000000780500000, 0x0000000782480000, 0x00000007c0000000)
  eden space 27136K, 0% used [0x0000000780500000,0x0000000780500000,0x0000000781f80000)
  from space 2560K, 99% used [0x0000000781f80000,0x00000007821ff490,0x0000000782200000)
  to   space 2560K, 0% used [0x0000000782200000,0x0000000782200000,0x0000000782480000)
 ParOldGen       total 195072K, used 7108K [0x0000000700e00000, 0x000000070cc80000, 0x0000000780500000)
  object space 195072K, 3% used [0x0000000700e00000,0x00000007014f1150,0x000000070cc80000)
 Metaspace       used 16817K, capacity 17226K, committed 17408K, reserved 1064960K
  class space    used 2131K, capacity 2222K, committed 2304K, reserved 1048576K
}

